{"/app/src/utils/jj-utils.ts": {"path":"/app/src/utils/jj-utils.ts","statementMap":{"0":{"start":{"line":7,"column":26},"end":{"line":7,"column":null}},"1":{"start":{"line":8,"column":0},"end":{"line":10,"column":null}},"2":{"start":{"line":8,"column":13},"end":{"line":8,"column":18}},"3":{"start":{"line":9,"column":4},"end":{"line":9,"column":null}},"4":{"start":{"line":17,"column":23},"end":{"line":17,"column":null}},"5":{"start":{"line":18,"column":16},"end":{"line":18,"column":null}},"6":{"start":{"line":19,"column":19},"end":{"line":19,"column":null}},"7":{"start":{"line":21,"column":4},"end":{"line":29,"column":null}},"8":{"start":{"line":21,"column":17},"end":{"line":21,"column":20}},"9":{"start":{"line":22,"column":25},"end":{"line":22,"column":null}},"10":{"start":{"line":24,"column":8},"end":{"line":28,"column":null}},"11":{"start":{"line":25,"column":12},"end":{"line":25,"column":null}},"12":{"start":{"line":27,"column":12},"end":{"line":27,"column":null}},"13":{"start":{"line":30,"column":4},"end":{"line":30,"column":null}},"14":{"start":{"line":38,"column":4},"end":{"line":40,"column":null}},"15":{"start":{"line":39,"column":8},"end":{"line":39,"column":null}},"16":{"start":{"line":41,"column":4},"end":{"line":41,"column":null}},"17":{"start":{"line":49,"column":4},"end":{"line":49,"column":null}},"18":{"start":{"line":56,"column":23},"end":{"line":56,"column":null}},"19":{"start":{"line":57,"column":4},"end":{"line":57,"column":null}},"20":{"start":{"line":67,"column":23},"end":{"line":67,"column":null}},"21":{"start":{"line":68,"column":20},"end":{"line":68,"column":null}},"22":{"start":{"line":69,"column":25},"end":{"line":69,"column":null}},"23":{"start":{"line":70,"column":4},"end":{"line":70,"column":null}},"24":{"start":{"line":77,"column":4},"end":{"line":77,"column":null}},"25":{"start":{"line":84,"column":4},"end":{"line":84,"column":null}},"26":{"start":{"line":91,"column":4},"end":{"line":91,"column":null}},"27":{"start":{"line":91,"column":58},"end":{"line":91,"column":73}}},"fnMap":{"0":{"name":"convertJjChangeIdToHex","decl":{"start":{"line":16,"column":16},"end":{"line":16,"column":39}},"loc":{"start":{"line":16,"column":67},"end":{"line":31,"column":null}},"line":16},"1":{"name":"shortenChangeId","decl":{"start":{"line":37,"column":16},"end":{"line":37,"column":32}},"loc":{"start":{"line":37,"column":74},"end":{"line":42,"column":null}},"line":37},"2":{"name":"getChangeIdDisplayLength","decl":{"start":{"line":48,"column":16},"end":{"line":48,"column":41}},"loc":{"start":{"line":48,"column":97},"end":{"line":50,"column":null}},"line":48},"3":{"name":"formatDisplayChangeId","decl":{"start":{"line":55,"column":16},"end":{"line":55,"column":38}},"loc":{"start":{"line":55,"column":112},"end":{"line":58,"column":null}},"line":55},"4":{"name":"formatCommitTitle","decl":{"start":{"line":63,"column":16},"end":{"line":63,"column":null}},"loc":{"start":{"line":66,"column":10},"end":{"line":71,"column":null}},"line":66},"5":{"name":"canSquashCommit","decl":{"start":{"line":76,"column":16},"end":{"line":76,"column":32}},"loc":{"start":{"line":76,"column":116},"end":{"line":78,"column":null}},"line":76},"6":{"name":"isMutableCommit","decl":{"start":{"line":83,"column":16},"end":{"line":83,"column":32}},"loc":{"start":{"line":83,"column":77},"end":{"line":85,"column":null}},"line":83},"7":{"name":"canAbsorbCommit","decl":{"start":{"line":90,"column":16},"end":{"line":90,"column":32}},"loc":{"start":{"line":90,"column":92},"end":{"line":92,"column":null}},"line":90},"8":{"name":"(anonymous_8)","decl":{"start":{"line":91,"column":51},"end":{"line":91,"column":52}},"loc":{"start":{"line":91,"column":58},"end":{"line":91,"column":73}},"line":91}},"branchMap":{"0":{"loc":{"start":{"line":18,"column":16},"end":{"line":18,"column":null}},"type":"cond-expr","locations":[{"start":{"line":18,"column":36},"end":{"line":18,"column":56}},{"start":{"line":18,"column":56},"end":{"line":18,"column":null}}],"line":18},"1":{"loc":{"start":{"line":24,"column":8},"end":{"line":28,"column":null}},"type":"if","locations":[{"start":{"line":24,"column":8},"end":{"line":28,"column":null}},{"start":{"line":26,"column":15},"end":{"line":28,"column":null}}],"line":24},"2":{"loc":{"start":{"line":24,"column":12},"end":{"line":24,"column":48}},"type":"binary-expr","locations":[{"start":{"line":24,"column":12},"end":{"line":24,"column":31}},{"start":{"line":24,"column":31},"end":{"line":24,"column":48}}],"line":24},"3":{"loc":{"start":{"line":38,"column":4},"end":{"line":40,"column":null}},"type":"if","locations":[{"start":{"line":38,"column":4},"end":{"line":40,"column":null}},{"start":{},"end":{}}],"line":38},"4":{"loc":{"start":{"line":49,"column":28},"end":{"line":49,"column":51}},"type":"binary-expr","locations":[{"start":{"line":49,"column":28},"end":{"line":49,"column":50}},{"start":{"line":49,"column":50},"end":{"line":49,"column":51}}],"line":49},"5":{"loc":{"start":{"line":67,"column":40},"end":{"line":67,"column":78}},"type":"binary-expr","locations":[{"start":{"line":67,"column":40},"end":{"line":67,"column":77}},{"start":{"line":67,"column":77},"end":{"line":67,"column":78}}],"line":67},"6":{"loc":{"start":{"line":69,"column":25},"end":{"line":69,"column":null}},"type":"cond-expr","locations":[{"start":{"line":69,"column":47},"end":{"line":69,"column":79}},{"start":{"line":69,"column":79},"end":{"line":69,"column":null}}],"line":69},"7":{"loc":{"start":{"line":77,"column":11},"end":{"line":77,"column":null}},"type":"binary-expr","locations":[{"start":{"line":77,"column":11},"end":{"line":77,"column":35}},{"start":{"line":77,"column":35},"end":{"line":77,"column":55}},{"start":{"line":77,"column":55},"end":{"line":77,"column":86}},{"start":{"line":77,"column":86},"end":{"line":77,"column":null}}],"line":77},"8":{"loc":{"start":{"line":91,"column":11},"end":{"line":91,"column":null}},"type":"binary-expr","locations":[{"start":{"line":91,"column":11},"end":{"line":91,"column":31}},{"start":{"line":91,"column":31},"end":{"line":91,"column":null}}],"line":91}},"s":{"0":1,"1":1,"2":1,"3":16,"4":9,"5":9,"6":9,"7":9,"8":9,"9":33,"10":33,"11":32,"12":1,"13":8,"14":9,"15":1,"16":8,"17":8,"18":4,"19":4,"20":5,"21":5,"22":5,"23":5,"24":0,"25":0,"26":0,"27":0},"f":{"0":9,"1":9,"2":8,"3":4,"4":5,"5":0,"6":0,"7":0,"8":0},"b":{"0":[5,4],"1":[32,1],"2":[33,32],"3":[1,8],"4":[8,3],"5":[5,3],"6":[2,3],"7":[0,0,0,0],"8":[0,0]},"meta":{"lastBranch":9,"lastFunction":9,"lastStatement":28,"seen":{"s:7:26:7:Infinity":0,"s:8:0:10:Infinity":1,"s:8:13:8:18":2,"s:9:4:9:Infinity":3,"f:16:16:16:39":0,"s:17:23:17:Infinity":4,"s:18:16:18:Infinity":5,"b:18:36:18:56:18:56:18:Infinity":0,"s:19:19:19:Infinity":6,"s:21:4:29:Infinity":7,"s:21:17:21:20":8,"s:22:25:22:Infinity":9,"b:24:8:28:Infinity:26:15:28:Infinity":1,"s:24:8:28:Infinity":10,"b:24:12:24:31:24:31:24:48":2,"s:25:12:25:Infinity":11,"s:27:12:27:Infinity":12,"s:30:4:30:Infinity":13,"f:37:16:37:32":1,"b:38:4:40:Infinity:undefined:undefined:undefined:undefined":3,"s:38:4:40:Infinity":14,"s:39:8:39:Infinity":15,"s:41:4:41:Infinity":16,"f:48:16:48:41":2,"s:49:4:49:Infinity":17,"b:49:28:49:50:49:50:49:51":4,"f:55:16:55:38":3,"s:56:23:56:Infinity":18,"s:57:4:57:Infinity":19,"f:63:16:63:Infinity":4,"s:67:23:67:Infinity":20,"b:67:40:67:77:67:77:67:78":5,"s:68:20:68:Infinity":21,"s:69:25:69:Infinity":22,"b:69:47:69:79:69:79:69:Infinity":6,"s:70:4:70:Infinity":23,"f:76:16:76:32":5,"s:77:4:77:Infinity":24,"b:77:11:77:35:77:35:77:55:77:55:77:86:77:86:77:Infinity":7,"f:83:16:83:32":6,"s:84:4:84:Infinity":25,"f:90:16:90:32":7,"s:91:4:91:Infinity":26,"b:91:11:91:31:91:31:91:Infinity":8,"f:91:51:91:52":8,"s:91:58:91:73":27}}}
}
